app/build/intermediates/manifest_merge_blame_file/debug/processDebugMainManifest/manifest-merger-blame-debug-report.txt
1<?xml version="1.0" encoding="utf-8"?>
2<!--
3  ============================================================
4  老年桌面 (OldMan Launcher) — AndroidManifest.xml
5
6  关键配置说明:
7  1. 注册为桌面应用 (CATEGORY_HOME)，可替换系统 Launcher
8  2. 固定竖屏，禁止旋转
9  3. 请求 CALL_PHONE 权限（一键拨号）
10  4. 声明 QUERY_ALL_PACKAGES（扫描已安装App，Android 11+ 需要）
11
12  国产ROM兼容性提示:
13  - 小米 (MIUI): 设置→应用管理→默认应用→桌面→选择"老年桌面"
14  - 华为 (EMUI): 设置→应用→默认应用→桌面→选择"老年桌面"
15  - OPPO (ColorOS): 设置→应用管理→默认应用管理→桌面→选择"老年桌面"
16  - vivo (OriginOS): 设置→应用与权限→默认应用→桌面→选择"老年桌面"
17  ============================================================
18-->
19<manifest xmlns:android="http://schemas.android.com/apk/res/android"
20    package="com.oldman.launcher"
21    android:versionCode="1"
22    android:versionName="1.0.0" >
23
24    <uses-sdk
25        android:minSdkVersion="26"
26        android:targetSdkVersion="34" />
27
28    <!-- 拨打电话权限（一键拨号） -->
29    <uses-permission android:name="android.permission.CALL_PHONE" />
29-->src\main\AndroidManifest.xml:23:5-69
29-->src\main\AndroidManifest.xml:23:22-66
30
31    <!-- 扫描已安装应用列表 (Android 11+ 必需，Launcher 场景属于合法用途) -->
32    <uses-permission android:name="android.permission.QUERY_ALL_PACKAGES" />
32-->src\main\AndroidManifest.xml:26:5-28:53
32-->src\main\AndroidManifest.xml:27:9-61
33
34    <permission
34-->[androidx.core:core:1.12.0] AndroidManifest.xml:22:5-24:47
35        android:name="com.oldman.launcher.DYNAMIC_RECEIVER_NOT_EXPORTED_PERMISSION"
35-->[androidx.core:core:1.12.0] AndroidManifest.xml:23:9-81
36        android:protectionLevel="signature" />
36-->[androidx.core:core:1.12.0] AndroidManifest.xml:24:9-44
37
38    <uses-permission android:name="com.oldman.launcher.DYNAMIC_RECEIVER_NOT_EXPORTED_PERMISSION" />
38-->[androidx.core:core:1.12.0] AndroidManifest.xml:26:5-97
38-->[androidx.core:core:1.12.0] AndroidManifest.xml:26:22-94
39
40    <application
40-->src\main\AndroidManifest.xml:30:5-71:19
41        android:name="com.oldman.launcher.OldManApp"
41-->src\main\AndroidManifest.xml:31:9-34
42        android:allowBackup="true"
42-->src\main\AndroidManifest.xml:32:9-35
43        android:appComponentFactory="androidx.core.app.CoreComponentFactory"
43-->[androidx.core:core:1.12.0] AndroidManifest.xml:28:18-86
44        android:debuggable="true"
45        android:extractNativeLibs="false"
46        android:icon="@mipmap/ic_launcher"
46-->src\main\AndroidManifest.xml:35:9-43
47        android:label="@string/app_name"
47-->src\main\AndroidManifest.xml:34:9-41
48        android:supportsRtl="true" >
48-->src\main\AndroidManifest.xml:33:9-35
49
50        <!--
51          MainActivity 配置说明:
52          - singleTask: 确保桌面只有一个实例（按 Home 键回到已有桌面）
53          - portrait: 锁定竖屏，避免老人误触旋转
54          - 全屏主题在 Theme 中配置
55        -->
56        <activity
56-->src\main\AndroidManifest.xml:44:9-70:20
57            android:name="com.oldman.launcher.ui.MainActivity"
57-->src\main\AndroidManifest.xml:45:13-44
58            android:exported="true"
58-->src\main\AndroidManifest.xml:46:13-36
59            android:launchMode="singleTask"
59-->src\main\AndroidManifest.xml:47:13-44
60            android:screenOrientation="portrait"
60-->src\main\AndroidManifest.xml:48:13-49
61            android:theme="@style/Theme.OldMan" >
61-->src\main\AndroidManifest.xml:49:13-48
62
63            <!--
64              intent-filter #1: 桌面启动器
65              CATEGORY_HOME + CATEGORY_DEFAULT = 可被选为系统默认桌面
66            -->
67            <intent-filter>
67-->src\main\AndroidManifest.xml:55:13-59:29
68                <action android:name="android.intent.action.MAIN" />
68-->src\main\AndroidManifest.xml:56:17-69
68-->src\main\AndroidManifest.xml:56:25-66
69
70                <category android:name="android.intent.category.HOME" />
70-->src\main\AndroidManifest.xml:57:17-73
70-->src\main\AndroidManifest.xml:57:27-70
71                <category android:name="android.intent.category.DEFAULT" />
71-->src\main\AndroidManifest.xml:58:17-76
71-->src\main\AndroidManifest.xml:58:27-73
72            </intent-filter>
73
74            <!--
75              intent-filter #2: 常规启动器入口
76              让本 App 也出现在应用抽屉中，方便打开设置等功能
77            -->
78            <intent-filter>
78-->src\main\AndroidManifest.xml:65:13-68:29
79                <action android:name="android.intent.action.MAIN" />
79-->src\main\AndroidManifest.xml:56:17-69
79-->src\main\AndroidManifest.xml:56:25-66
80
81                <category android:name="android.intent.category.LAUNCHER" />
81-->src\main\AndroidManifest.xml:67:17-77
81-->src\main\AndroidManifest.xml:67:27-74
82            </intent-filter>
83        </activity>
84        <activity
84-->[androidx.compose.ui:ui-tooling-android:1.6.1] AndroidManifest.xml:23:9-25:39
85            android:name="androidx.compose.ui.tooling.PreviewActivity"
85-->[androidx.compose.ui:ui-tooling-android:1.6.1] AndroidManifest.xml:24:13-71
86            android:exported="true" />
86-->[androidx.compose.ui:ui-tooling-android:1.6.1] AndroidManifest.xml:25:13-36
87
88        <provider
88-->[androidx.emoji2:emoji2:1.3.0] AndroidManifest.xml:24:9-32:20
89            android:name="androidx.startup.InitializationProvider"
89-->[androidx.emoji2:emoji2:1.3.0] AndroidManifest.xml:25:13-67
90            android:authorities="com.oldman.launcher.androidx-startup"
90-->[androidx.emoji2:emoji2:1.3.0] AndroidManifest.xml:26:13-68
91            android:exported="false" >
91-->[androidx.emoji2:emoji2:1.3.0] AndroidManifest.xml:27:13-37
92            <meta-data
92-->[androidx.emoji2:emoji2:1.3.0] AndroidManifest.xml:29:13-31:52
93                android:name="androidx.emoji2.text.EmojiCompatInitializer"
93-->[androidx.emoji2:emoji2:1.3.0] AndroidManifest.xml:30:17-75
94                android:value="androidx.startup" />
94-->[androidx.emoji2:emoji2:1.3.0] AndroidManifest.xml:31:17-49
95            <meta-data
95-->[androidx.lifecycle:lifecycle-process:2.7.0] AndroidManifest.xml:29:13-31:52
96                android:name="androidx.lifecycle.ProcessLifecycleInitializer"
96-->[androidx.lifecycle:lifecycle-process:2.7.0] AndroidManifest.xml:30:17-78
97                android:value="androidx.startup" />
97-->[androidx.lifecycle:lifecycle-process:2.7.0] AndroidManifest.xml:31:17-49
98            <meta-data
98-->[androidx.profileinstaller:profileinstaller:1.3.0] AndroidManifest.xml:29:13-31:52
99                android:name="androidx.profileinstaller.ProfileInstallerInitializer"
99-->[androidx.profileinstaller:profileinstaller:1.3.0] AndroidManifest.xml:30:17-85
100                android:value="androidx.startup" />
100-->[androidx.profileinstaller:profileinstaller:1.3.0] AndroidManifest.xml:31:17-49
101        </provider>
102
103        <service
103-->[androidx.room:room-runtime:2.6.1] AndroidManifest.xml:24:9-28:63
104            android:name="androidx.room.MultiInstanceInvalidationService"
104-->[androidx.room:room-runtime:2.6.1] AndroidManifest.xml:25:13-74
105            android:directBootAware="true"
105-->[androidx.room:room-runtime:2.6.1] AndroidManifest.xml:26:13-43
106            android:exported="false" />
106-->[androidx.room:room-runtime:2.6.1] AndroidManifest.xml:27:13-37
107
108        <receiver
108-->[androidx.profileinstaller:profileinstaller:1.3.0] AndroidManifest.xml:34:9-52:20
109            android:name="androidx.profileinstaller.ProfileInstallReceiver"
109-->[androidx.profileinstaller:profileinstaller:1.3.0] AndroidManifest.xml:35:13-76
110            android:directBootAware="false"
110-->[androidx.profileinstaller:profileinstaller:1.3.0] AndroidManifest.xml:36:13-44
111            android:enabled="true"
111-->[androidx.profileinstaller:profileinstaller:1.3.0] AndroidManifest.xml:37:13-35
112            android:exported="true"
112-->[androidx.profileinstaller:profileinstaller:1.3.0] AndroidManifest.xml:38:13-36
113            android:permission="android.permission.DUMP" >
113-->[androidx.profileinstaller:profileinstaller:1.3.0] AndroidManifest.xml:39:13-57
114            <intent-filter>
114-->[androidx.profileinstaller:profileinstaller:1.3.0] AndroidManifest.xml:40:13-42:29
115                <action android:name="androidx.profileinstaller.action.INSTALL_PROFILE" />
115-->[androidx.profileinstaller:profileinstaller:1.3.0] AndroidManifest.xml:41:17-91
115-->[androidx.profileinstaller:profileinstaller:1.3.0] AndroidManifest.xml:41:25-88
116            </intent-filter>
117            <intent-filter>
117-->[androidx.profileinstaller:profileinstaller:1.3.0] AndroidManifest.xml:43:13-45:29
118                <action android:name="androidx.profileinstaller.action.SKIP_FILE" />
118-->[androidx.profileinstaller:profileinstaller:1.3.0] AndroidManifest.xml:44:17-85
118-->[androidx.profileinstaller:profileinstaller:1.3.0] AndroidManifest.xml:44:25-82
119            </intent-filter>
120            <intent-filter>
120-->[androidx.profileinstaller:profileinstaller:1.3.0] AndroidManifest.xml:46:13-48:29
121                <action android:name="androidx.profileinstaller.action.SAVE_PROFILE" />
121-->[androidx.profileinstaller:profileinstaller:1.3.0] AndroidManifest.xml:47:17-88
121-->[androidx.profileinstaller:profileinstaller:1.3.0] AndroidManifest.xml:47:25-85
122            </intent-filter>
123            <intent-filter>
123-->[androidx.profileinstaller:profileinstaller:1.3.0] AndroidManifest.xml:49:13-51:29
124                <action android:name="androidx.profileinstaller.action.BENCHMARK_OPERATION" />
124-->[androidx.profileinstaller:profileinstaller:1.3.0] AndroidManifest.xml:50:17-95
124-->[androidx.profileinstaller:profileinstaller:1.3.0] AndroidManifest.xml:50:25-92
125            </intent-filter>
126        </receiver>
127    </application>
128
129</manifest>